Assuming unrestricted shared filesystem usage.
None
host: gl-login3.arc-ts.umich.edu
Building DAG of jobs...
Using shell: /usr/bin/bash
Provided cores: 1 (use --cores to define parallelism)
Rules claiming more threads will be scaled down.
Job stats:
job               count
--------------  -------
create_project        1
total                 1

Select jobs to execute...
Execute 1 jobs...
[Thu Jun  5 16:09:40 2025]
localrule create_project:
    input: config/config.yaml
    output: results/create_project.done
    jobid: 0
    reason: Missing output files: results/create_project.done
    resources: tmpdir=/tmp
Shell command: None
Waiting at most 5 seconds for missing files:
results/create_project.done (missing locally)
MissingOutputException in rule create_project in file "/home/elcrespo/Desktop/githubprojects/MindScape/mindscape_snakemake/workflow/rules/00_create_project.smk", line 1:
Job 0 completed successfully, but some output files are missing. Missing files after 5 seconds. This might be due to filesystem latency. If that is the case, consider to increase the wait time with --latency-wait:
results/create_project.done (missing locally, parent dir contents: )
Shutting down, this might take some time.
Exiting because a job execution failed. Look below for error messages
[Thu Jun  5 16:09:46 2025]
Error in rule create_project:
    message: None
    jobid: 0
    input: config/config.yaml
    output: results/create_project.done
Complete log(s): /home/elcrespo/Desktop/githubprojects/MindScape/mindscape_snakemake/.snakemake/log/2025-06-05T160940.503606.snakemake.log
WorkflowError:
At least one job did not complete successfully.
