Assuming unrestricted shared filesystem usage.
None
host: gl-login3.arc-ts.umich.edu
Building DAG of jobs...
Using shell: /usr/bin/bash
Provided cores: 1 (use --cores to define parallelism)
Rules claiming more threads will be scaled down.
Job stats:
job               count
--------------  -------
create_project        1
total                 1

Select jobs to execute...
Execute 1 jobs...
[Thu Jun  5 15:55:08 2025]
localrule create_project:
    input: config/config.yaml
    output: results/create_project.done
    jobid: 0
    reason: Missing output files: results/create_project.done
    resources: tmpdir=/tmp
Shell command: None
RuleException:
WorkflowError in file "/home/elcrespo/Desktop/githubprojects/MindScape/mindscape_snakemake/workflow/rules/00_create_project.smk", line 7:
Failed to open source file /home/elcrespo/Desktop/githubprojects/MindScape/mindscape_snakemake/workflow/rules/workflow/scripts/create_project.py
FileNotFoundError: [Errno 2] No such file or directory: '/home/elcrespo/Desktop/githubprojects/MindScape/mindscape_snakemake/workflow/rules/workflow/scripts/create_project.py'
[Thu Jun  5 15:55:08 2025]
Error in rule create_project:
    message: None
    jobid: 0
    input: config/config.yaml
    output: results/create_project.done
Shutting down, this might take some time.
Exiting because a job execution failed. Look below for error messages
[Thu Jun  5 15:55:08 2025]
Error in rule create_project:
    message: None
    jobid: 0
    input: config/config.yaml
    output: results/create_project.done
Complete log(s): /home/elcrespo/Desktop/githubprojects/MindScape/mindscape_snakemake/.snakemake/log/2025-06-05T155508.181933.snakemake.log
WorkflowError:
At least one job did not complete successfully.
